<?xml version="1.0" encoding="UTF-8"?>
<!-- Generated by org.testng.reporters.JUnitReportReporter -->
<testsuite skipped="0" hostname="DESKTOP-C15L1DP" name="com.QAAcademy.PractiseTest" tests="1" failures="0" timestamp="2020-05-28T09:38:33 PDT" time="63.085" errors="0">
  <testcase name="practise" time="63.085" classname="com.QAAcademy.PractiseTest"/>
  <system-out/>
</testsuite> <!-- com.QAAcademy.PractiseTest -->
